<?xml version="1.0" encoding="UTF-8"?>
<testsuite name="co.com.sofka.useCases.gestionCertificacion.AgregarNuevaCertificacionUseCaseTest" tests="1" skipped="0" failures="0" errors="0" timestamp="2022-01-05T17:37:30" hostname="DESKTOP-44Q5F13" time="0.065">
  <properties/>
  <testcase name="agregarNuevaCertificacionUseCaseTest()" classname="co.com.sofka.useCases.gestionCertificacion.AgregarNuevaCertificacionUseCaseTest" time="0.065"/>
  <system-out><![CDATA[]]></system-out>
  <system-err><![CDATA[]]></system-err>
</testsuite>
