<?xml version="1.0" encoding="UTF-8"?>
<testsuite name="co.com.sofka.useCases.colaborador.AgregarPerfilUseCaseTest" tests="1" skipped="0" failures="0" errors="0" timestamp="2022-01-05T17:37:27" hostname="DESKTOP-44Q5F13" time="2.534">
  <properties/>
  <testcase name="agregarPerfilUseCase()" classname="co.com.sofka.useCases.colaborador.AgregarPerfilUseCaseTest" time="2.534"/>
  <system-out><![CDATA[]]></system-out>
  <system-err><![CDATA[]]></system-err>
</testsuite>
