<?xml version="1.0" encoding="UTF-8"?>
<testsuite name="co.com.sofka.useCases.perfil.ActualizaNombreCompletoReferenciaUseCaseTest" tests="1" skipped="0" failures="0" errors="0" timestamp="2022-01-05T17:37:31" hostname="DESKTOP-44Q5F13" time="0.056">
  <properties/>
  <testcase name="actualizarNombreCompletoReferenciaUseCaseTest()" classname="co.com.sofka.useCases.perfil.ActualizaNombreCompletoReferenciaUseCaseTest" time="0.056"/>
  <system-out><![CDATA[]]></system-out>
  <system-err><![CDATA[]]></system-err>
</testsuite>
