<?xml version="1.0" encoding="UTF-8"?>
<testsuite name="co.com.sofka.useCases.gestionEducacion.ModificarTipoEducacionUseCaseTest" tests="1" skipped="0" failures="0" errors="0" timestamp="2022-01-05T17:37:31" hostname="DESKTOP-44Q5F13" time="0.01">
  <properties/>
  <testcase name="modificarTipoEducacionUseCaseTest()" classname="co.com.sofka.useCases.gestionEducacion.ModificarTipoEducacionUseCaseTest" time="0.01"/>
  <system-out><![CDATA[]]></system-out>
  <system-err><![CDATA[]]></system-err>
</testsuite>
