<?xml version="1.0" encoding="UTF-8"?>
<testsuite name="co.com.sofka.useCases.gestionCertificacion.ModificarInstitucionCertificacionUseCaseTest" tests="1" skipped="0" failures="0" errors="0" timestamp="2022-01-05T01:35:07" hostname="DESKTOP-44Q5F13" time="0.004">
  <properties/>
  <testcase name="modificarInstitucionCertificacionUseCaseTest()" classname="co.com.sofka.useCases.gestionCertificacion.ModificarInstitucionCertificacionUseCaseTest" time="0.004"/>
  <system-out><![CDATA[]]></system-out>
  <system-err><![CDATA[]]></system-err>
</testsuite>
